Frame 1: 100 bytes on wire (800 bits), 100 bytes captured (800 bits) on interface enp6s18, id 0
    Section number: 1
    Interface id: 0 (enp6s18)
        Interface name: enp6s18
    Encapsulation type: Ethernet (1)
    Arrival Time: Mar 27, 2025 09:32:38.063644150 CET
    UTC Arrival Time: Mar 27, 2025 08:32:38.063644150 UTC
    Epoch Arrival Time: 1743064358.063644150
    [Time shift for this packet: 0.000000000 seconds]
    [Time delta from previous captured frame: 0.000000000 seconds]
    [Time delta from previous displayed frame: 0.000000000 seconds]
    [Time since reference or first frame: 0.000000000 seconds]
    Frame Number: 1
    Frame Length: 100 bytes (800 bits)
    Capture Length: 100 bytes (800 bits)
    [Frame is marked: False]
    [Frame is ignored: False]
    [Protocols in frame: eth:ethertype:ip:udp:dns]
Ethernet II, Src: bc:24:11:ce:79:c2, Dst: bc:24:11:ee:64:1b
    Destination: bc:24:11:ee:64:1b
        .... ..0. .... .... .... .... = LG bit: Globally unique address (factory default)
        .... ...0 .... .... .... .... = IG bit: Individual address (unicast)
    Source: bc:24:11:ce:79:c2
        .... ..0. .... .... .... .... = LG bit: Globally unique address (factory default)
        .... ...0 .... .... .... .... = IG bit: Individual address (unicast)
    Type: IPv4 (0x0800)
    [Stream index: 0]
Internet Protocol Version 4, Src: 172.16.10.40, Dst: 172.16.1.252
    0100 .... = Version: 4
    .... 0101 = Header Length: 20 bytes (5)
    Differentiated Services Field: 0x00 (DSCP: CS0, ECN: Not-ECT)
        0000 00.. = Differentiated Services Codepoint: Default (0)
        .... ..00 = Explicit Congestion Notification: Not ECN-Capable Transport (0)
    Total Length: 86
    Identification: 0x15f2 (5618)
    000. .... = Flags: 0x0
        0... .... = Reserved bit: Not set
        .0.. .... = Don't fragment: Not set
        ..0. .... = More fragments: Not set
    ...0 0000 0000 0000 = Fragment Offset: 0
    Time to Live: 64
    Protocol: UDP (17)
    Header Checksum: 0x0061 [validation disabled]
    [Header checksum status: Unverified]
    Source Address: 172.16.10.40
    Destination Address: 172.16.1.252
    [Stream index: 0]
User Datagram Protocol, Src Port: 40346, Dst Port: 53
    Source Port: 40346
    Destination Port: 53
    Length: 66
    Checksum: 0x6498 [unverified]
    [Checksum Status: Unverified]
    [Stream index: 0]
    [Stream Packet Number: 1]
    [Timestamps]
        [Time since first frame: 0.000000000 seconds]
        [Time since previous frame: 0.000000000 seconds]
    UDP payload (58 bytes)
Domain Name System (query)
    Transaction ID: 0x7582
    Flags: 0x0120 Standard query
        0... .... .... .... = Response: Message is a query
        .000 0... .... .... = Opcode: Standard query (0)
        .... ..0. .... .... = Truncated: Message is not truncated
        .... ...1 .... .... = Recursion desired: Do query recursively
        .... .... .0.. .... = Z: reserved (0)
        .... .... ..1. .... = AD bit: Set
        .... .... ...0 .... = Non-authenticated data: Unacceptable
    Questions: 1
    Answer RRs: 0
    Authority RRs: 0
    Additional RRs: 1
    Queries
        iluvatar.arda.lan: type A, class IN
            Name: iluvatar.arda.lan
            [Name Length: 17]
            [Label Count: 3]
            Type: A (1) (Host Address)
            Class: IN (0x0001)
    Additional records
        <Root>: type OPT
            Name: <Root>
            Type: OPT (41) 
            UDP payload size: 1232
            Higher bits in extended RCODE: 0x00
            EDNS0 version: 0
            Z: 0x0000
                0... .... .... .... = DO bit: Cannot handle DNSSEC security RRs
                .000 0000 0000 0000 = Reserved: 0x0000
            Data length: 12
            Option: COOKIE
                Option Code: COOKIE (10)
                Option Length: 8
                Option Data: 9813ba7ebed80428
                Client Cookie: 9813ba7ebed80428
                Server Cookie: <MISSING>

Frame 2: 132 bytes on wire (1056 bits), 132 bytes captured (1056 bits) on interface enp6s18, id 0
    Section number: 1
    Interface id: 0 (enp6s18)
        Interface name: enp6s18
    Encapsulation type: Ethernet (1)
    Arrival Time: Mar 27, 2025 09:32:38.064687952 CET
    UTC Arrival Time: Mar 27, 2025 08:32:38.064687952 UTC
    Epoch Arrival Time: 1743064358.064687952
    [Time shift for this packet: 0.000000000 seconds]
    [Time delta from previous captured frame: 0.001043802 seconds]
    [Time delta from previous displayed frame: 0.001043802 seconds]
    [Time since reference or first frame: 0.001043802 seconds]
    Frame Number: 2
    Frame Length: 132 bytes (1056 bits)
    Capture Length: 132 bytes (1056 bits)
    [Frame is marked: False]
    [Frame is ignored: False]
    [Protocols in frame: eth:ethertype:ip:udp:dns]
Ethernet II, Src: bc:24:11:ee:64:1b, Dst: bc:24:11:ce:79:c2
    Destination: bc:24:11:ce:79:c2
        .... ..0. .... .... .... .... = LG bit: Globally unique address (factory default)
        .... ...0 .... .... .... .... = IG bit: Individual address (unicast)
    Source: bc:24:11:ee:64:1b
        .... ..0. .... .... .... .... = LG bit: Globally unique address (factory default)
        .... ...0 .... .... .... .... = IG bit: Individual address (unicast)
    Type: IPv4 (0x0800)
    [Stream index: 0]
Internet Protocol Version 4, Src: 172.16.1.252, Dst: 172.16.10.40
    0100 .... = Version: 4
    .... 0101 = Header Length: 20 bytes (5)
    Differentiated Services Field: 0x00 (DSCP: CS0, ECN: Not-ECT)
        0000 00.. = Differentiated Services Codepoint: Default (0)
        .... ..00 = Explicit Congestion Notification: Not ECN-Capable Transport (0)
    Total Length: 118
    Identification: 0x9446 (37958)
    000. .... = Flags: 0x0
        0... .... = Reserved bit: Not set
        .0.. .... = Don't fragment: Not set
        ..0. .... = More fragments: Not set
    ...0 0000 0000 0000 = Fragment Offset: 0
    Time to Live: 64
    Protocol: UDP (17)
    Header Checksum: 0x81ec [validation disabled]
    [Header checksum status: Unverified]
    Source Address: 172.16.1.252
    Destination Address: 172.16.10.40
    [Stream index: 0]
User Datagram Protocol, Src Port: 53, Dst Port: 40346
    Source Port: 53
    Destination Port: 40346
    Length: 98
    Checksum: 0xd7af [unverified]
    [Checksum Status: Unverified]
    [Stream index: 0]
    [Stream Packet Number: 2]
    [Timestamps]
        [Time since first frame: 0.001043802 seconds]
        [Time since previous frame: 0.001043802 seconds]
    UDP payload (90 bytes)
Domain Name System (response)
    Transaction ID: 0x7582
    Flags: 0x8580 Standard query response, No error
        1... .... .... .... = Response: Message is a response
        .000 0... .... .... = Opcode: Standard query (0)
        .... .1.. .... .... = Authoritative: Server is an authority for domain
        .... ..0. .... .... = Truncated: Message is not truncated
        .... ...1 .... .... = Recursion desired: Do query recursively
        .... .... 1... .... = Recursion available: Server can do recursive queries
        .... .... .0.. .... = Z: reserved (0)
        .... .... ..0. .... = Answer authenticated: Answer/authority portion was not authenticated by the server
        .... .... ...0 .... = Non-authenticated data: Unacceptable
        .... .... .... 0000 = Reply code: No error (0)
    Questions: 1
    Answer RRs: 1
    Authority RRs: 0
    Additional RRs: 1
    Queries
        iluvatar.arda.lan: type A, class IN
            Name: iluvatar.arda.lan
            [Name Length: 17]
            [Label Count: 3]
            Type: A (1) (Host Address)
            Class: IN (0x0001)
    Answers
        iluvatar.arda.lan: type A, class IN, addr 172.16.1.30
            Name: iluvatar.arda.lan
            Type: A (1) (Host Address)
            Class: IN (0x0001)
            Time to live: 3600 (1 hour)
            Data length: 4
            Address: 172.16.1.30
    Additional records
        <Root>: type OPT
            Name: <Root>
            Type: OPT (41) 
            UDP payload size: 1232
            Higher bits in extended RCODE: 0x00
            EDNS0 version: 0
            Z: 0x0000
                0... .... .... .... = DO bit: Cannot handle DNSSEC security RRs
                .000 0000 0000 0000 = Reserved: 0x0000
            Data length: 28
            Option: COOKIE
                Option Code: COOKIE (10)
                Option Length: 24
                Option Data: 9813ba7ebed804280100000067e50d260d194282694090df
                Client Cookie: 9813ba7ebed80428
                Server Cookie: 0100000067e50d260d194282694090df
    [Request In: 1]
    [Time: 0.001043802 seconds]

